# JRE version: Java(TM) SE Runtime Environment (8.0_131-b11) (build 1.8.0_131-b11)
# Java VM: Java HotSpot(TM) 64-Bit Server VM (25.131-b11 mixed mode windows-amd64 compressed oops)
Heap:
 PSYoungGen      total 202752K, used 142335K [0x00000000d6000000, 0x00000000e5c80000, 0x0000000100000000)
  eden space 185344K, 67% used [0x00000000d6000000,0x00000000dda02e18,0x00000000e1500000)
  from space 17408K, 99% used [0x00000000e3200000,0x00000000e42fd110,0x00000000e4300000)
  to   space 29696K, 0% used [0x00000000e1500000,0x00000000e1500000,0x00000000e3200000)
 ParOldGen       total 67072K, used 46873K [0x0000000082000000, 0x0000000086180000, 0x00000000d6000000)
  object space 67072K, 69% used [0x0000000082000000,0x0000000084dc64a0,0x0000000086180000)
 Metaspace       used 26403K, capacity 26950K, committed 27136K, reserved 1073152K
  class space    used 3075K, capacity 3230K, committed 3328K, reserved 1048576K
GC Heap History (10 events):
Event: 3.417 GC heap before
{Heap before GC invocations=5 (full 0):
 PSYoungGen      total 70656K, used 70640K [0x00000000d6000000, 0x00000000daa00000, 0x0000000100000000)
  eden space 65536K, 100% used [0x00000000d6000000,0x00000000da000000,0x00000000da000000)
  from space 5120K, 99% used [0x00000000da500000,0x00000000da9fc030,0x00000000daa00000)
  to   space 5120K, 0% used [0x00000000da000000,0x00000000da000000,0x00000000da500000)
 ParOldGen       total 86016K, used 6766K [0x0000000082000000, 0x0000000087400000, 0x00000000d6000000)
  object space 86016K, 7% used [0x0000000082000000,0x000000008269b998,0x0000000087400000)
 Metaspace       used 20102K, capacity 20406K, committed 20480K, reserved 1067008K
  class space    used 2449K, capacity 2543K, committed 2560K, reserved 1048576K
Event: 3.437 GC heap after
Heap after GC invocations=5 (full 0):
 PSYoungGen      total 70656K, used 5088K [0x00000000d6000000, 0x00000000df600000, 0x0000000100000000)
  eden space 65536K, 0% used [0x00000000d6000000,0x00000000d6000000,0x00000000da000000)
  from space 5120K, 99% used [0x00000000da000000,0x00000000da4f8020,0x00000000da500000)
  to   space 11264K, 0% used [0x00000000deb00000,0x00000000deb00000,0x00000000df600000)
 ParOldGen       total 86016K, used 11590K [0x0000000082000000, 0x0000000087400000, 0x00000000d6000000)
  object space 86016K, 13% used [0x0000000082000000,0x0000000082b51848,0x0000000087400000)
 Metaspace       used 20102K, capacity 20406K, committed 20480K, reserved 1067008K
  class space    used 2449K, capacity 2543K, committed 2560K, reserved 1048576K
}
Event: 3.601 GC heap before
{Heap before GC invocations=6 (full 0):
 PSYoungGen      total 70656K, used 22203K [0x00000000d6000000, 0x00000000df600000, 0x0000000100000000)
  eden space 65536K, 26% used [0x00000000d6000000,0x00000000d70b6d28,0x00000000da000000)
  from space 5120K, 99% used [0x00000000da000000,0x00000000da4f8020,0x00000000da500000)
  to   space 11264K, 0% used [0x00000000deb00000,0x00000000deb00000,0x00000000df600000)
 ParOldGen       total 86016K, used 11590K [0x0000000082000000, 0x0000000087400000, 0x00000000d6000000)
  object space 86016K, 13% used [0x0000000082000000,0x0000000082b51848,0x0000000087400000)
 Metaspace       used 20800K, capacity 21142K, committed 21296K, reserved 1069056K
  class space    used 2520K, capacity 2639K, committed 2688K, reserved 1048576K
Event: 3.620 GC heap after
Heap after GC invocations=6 (full 0):
 PSYoungGen      total 141312K, used 6372K [0x00000000d6000000, 0x00000000df500000, 0x0000000100000000)
  eden space 131072K, 0% used [0x00000000d6000000,0x00000000d6000000,0x00000000de000000)
  from space 10240K, 62% used [0x00000000deb00000,0x00000000df139398,0x00000000df500000)
  to   space 10752K, 0% used [0x00000000de000000,0x00000000de000000,0x00000000dea80000)
 ParOldGen       total 86016K, used 11598K [0x0000000082000000, 0x0000000087400000, 0x00000000d6000000)
  object space 86016K, 13% used [0x0000000082000000,0x0000000082b53848,0x0000000087400000)
 Metaspace       used 20800K, capacity 21142K, committed 21296K, reserved 1069056K
  class space    used 2520K, capacity 2639K, committed 2688K, reserved 1048576K
}
Event: 3.620 GC heap before
{Heap before GC invocations=7 (full 1):
 PSYoungGen      total 141312K, used 6372K [0x00000000d6000000, 0x00000000df500000, 0x0000000100000000)
  eden space 131072K, 0% used [0x00000000d6000000,0x00000000d6000000,0x00000000de000000)
  from space 10240K, 62% used [0x00000000deb00000,0x00000000df139398,0x00000000df500000)
  to   space 10752K, 0% used [0x00000000de000000,0x00000000de000000,0x00000000dea80000)
 ParOldGen       total 86016K, used 11598K [0x0000000082000000, 0x0000000087400000, 0x00000000d6000000)
  object space 86016K, 13% used [0x0000000082000000,0x0000000082b53848,0x0000000087400000)
 Metaspace       used 20800K, capacity 21142K, committed 21296K, reserved 1069056K
  class space    used 2520K, capacity 2639K, committed 2688K, reserved 1048576K
Event: 3.731 GC heap after
Heap after GC invocations=7 (full 1):
 PSYoungGen      total 141312K, used 0K [0x00000000d6000000, 0x00000000df500000, 0x0000000100000000)
  eden space 131072K, 0% used [0x00000000d6000000,0x00000000d6000000,0x00000000de000000)
  from space 10240K, 0% used [0x00000000deb00000,0x00000000deb00000,0x00000000df500000)
  to   space 10752K, 0% used [0x00000000de000000,0x00000000de000000,0x00000000dea80000)
 ParOldGen       total 67072K, used 13538K [0x0000000082000000, 0x0000000086180000, 0x00000000d6000000)
  object space 67072K, 20% used [0x0000000082000000,0x0000000082d38b80,0x0000000086180000)
 Metaspace       used 20800K, capacity 21142K, committed 21296K, reserved 1069056K
  class space    used 2520K, capacity 2639K, committed 2688K, reserved 1048576K
}
Event: 6.521 GC heap before
{Heap before GC invocations=8 (full 1):
 PSYoungGen      total 141312K, used 131072K [0x00000000d6000000, 0x00000000df500000, 0x0000000100000000)
  eden space 131072K, 100% used [0x00000000d6000000,0x00000000de000000,0x00000000de000000)
  from space 10240K, 0% used [0x00000000deb00000,0x00000000deb00000,0x00000000df500000)
  to   space 10752K, 0% used [0x00000000de000000,0x00000000de000000,0x00000000dea80000)
 ParOldGen       total 67072K, used 13538K [0x0000000082000000, 0x0000000086180000, 0x00000000d6000000)
  object space 67072K, 20% used [0x0000000082000000,0x0000000082d38b80,0x0000000086180000)
 Metaspace       used 26228K, capacity 26758K, committed 27136K, reserved 1073152K
  class space    used 3070K, capacity 3230K, committed 3328K, reserved 1048576K
Event: 6.551 GC heap after
Heap after GC invocations=8 (full 1):
 PSYoungGen      total 141824K, used 10736K [0x00000000d6000000, 0x00000000e4300000, 0x0000000100000000)
  eden space 131072K, 0% used [0x00000000d6000000,0x00000000d6000000,0x00000000de000000)
  from space 10752K, 99% used [0x00000000de000000,0x00000000dea7c308,0x00000000dea80000)
  to   space 17408K, 0% used [0x00000000e3200000,0x00000000e3200000,0x00000000e4300000)
 ParOldGen       total 67072K, used 23933K [0x0000000082000000, 0x0000000086180000, 0x00000000d6000000)
  object space 67072K, 35% used [0x0000000082000000,0x000000008375f510,0x0000000086180000)
 Metaspace       used 26228K, capacity 26758K, committed 27136K, reserved 1073152K
  class space    used 3070K, capacity 3230K, committed 3328K, reserved 1048576K
}
Event: 8.590 GC heap before
{Heap before GC invocations=9 (full 1):
 PSYoungGen      total 141824K, used 141808K [0x00000000d6000000, 0x00000000e4300000, 0x0000000100000000)
  eden space 131072K, 100% used [0x00000000d6000000,0x00000000de000000,0x00000000de000000)
  from space 10752K, 99% used [0x00000000de000000,0x00000000dea7c308,0x00000000dea80000)
  to   space 17408K, 0% used [0x00000000e3200000,0x00000000e3200000,0x00000000e4300000)
 ParOldGen       total 67072K, used 23933K [0x0000000082000000, 0x0000000086180000, 0x00000000d6000000)
  object space 67072K, 35% used [0x0000000082000000,0x000000008375f510,0x0000000086180000)
 Metaspace       used 26383K, capacity 26886K, committed 27136K, reserved 1073152K
  class space    used 3074K, capacity 3230K, committed 3328K, reserved 1048576K
Event: 8.668 GC heap after
Heap after GC invocations=9 (full 1):
 PSYoungGen      total 202752K, used 17396K [0x00000000d6000000, 0x00000000e5c80000, 0x0000000100000000)
  eden space 185344K, 0% used [0x00000000d6000000,0x00000000d6000000,0x00000000e1500000)
  from space 17408K, 99% used [0x00000000e3200000,0x00000000e42fd110,0x00000000e4300000)
  to   space 29696K, 0% used [0x00000000e1500000,0x00000000e1500000,0x00000000e3200000)
 ParOldGen       total 67072K, used 46873K [0x0000000082000000, 0x0000000086180000, 0x00000000d6000000)
  object space 67072K, 69% used [0x0000000082000000,0x0000000084dc64a0,0x0000000086180000)
 Metaspace       used 26383K, capacity 26886K, committed 27136K, reserved 1073152K
  class space    used 3074K, capacity 3230K, committed 3328K, reserved 1048576K
}

